@(#) Ispell Output Emulator Version 1.0.00 08/17/95
*
*
*
# 59, 0
*
# 2 0
*
*
# 4, 0
# 1994 0
*
*
*
*
# 59, 0
*
# 2 0
*
*
# 4, 0
# 1994 0
*
*
*
*
*
*
*
*
*
*
*
*
*
*
*
*
*
*
*
*
*
*
*
*
*
*
*
*
*
*
*
*
*
*
*
*
*
*
*
*
*
*
*
*
*
*
*
*
*
*
*
# California-Arizona 0
*
*
*
*
*
*
*
*
*
*
*
*
*
*
*
*
*
*
*
*
*
*
*
*
*
*
*
*
*
*
*
*
*
*
*
*
*
*
*
*
*
*
*
*
*
*
*
*
*
*
*
*
*
*
# 38 0
*
*
*
& By-Product 1 0: Byproduct
*
*
*
*
*
# 3 0
*
*
*
*
*
*
*
*
*
*
*
*
*
*
*
*
*
*
*
*
*
*
*
*
*
*
*
*
*
*
*
*
# 3, 0
# 1994. 0
*
*
*
*
*
*
*
*
*
*
*
*
*
# F&amp;V 0
*
*
*
# hyph;S 0
# P.O 0
*
# 96456, 0
*
& DC 16 0: DI, DEC, SC, DB, KC, DA, DOC, D, TC, CDC, DR, CD, PC, C, DO, AC
& hyph 2 6: hypo, hype
*
# (202) 0
& hyph 2 4: hypo, hype
*
*
& Pello 3 0: Hello, Jello, Cello
*
*
*
*
*
*
*
*
# F&amp;V 0
*
*
# 2202 0
*
*
*
*
*
*
# 93721; 0
*
# (209) 0
& hyph 2 4: hypo, hype
*
*
*
*
*
*
*
*
*
*
& Nos 34 0: Nose, Noes, Noe, No-s, Nee, Mes, Mas, Moe, Nosh, Ons, Sos, N-Os, Now, Nods, Nous, Nod, Nosy, Nob, Os, No's, Non, No, Nows, NFS, Not, NBS, Nor, N's, Nov, Hos, Noh, Enos, QoS, Dos
# 907 0
*
# 908 0
# (7 0
& CFR 8 0: CF-R, C-FR, CR, CUR, FR, CF, CPR, CAR
*
# 907 0
*
# 908), 0
*
*
*
*
*
*
*
*
*
*
*
*
*
*
*
*
*
*
*
*
*
*
*
*
*
*
*
*
*
*
*
*
*
*
*
# 1937, 0
*
*
# (7 0
# U.S.C 0
& hyph 2 4: hypo, hype
*
*
*
*
*
*
*
*
*
*
*
*
*
*
*
*
*
# 12866. 0
*
*
*
*
*
*
*
*
# 12778, 0
*
*
*
*
*
*
*
*
*
*
*
*
*
*
*
*
*
*
*
*
*
*
*
*
*
*
*
*
*
*
*
*
*
*
*
*
*
*
*
*
*
*
*
*
*
*
*
*
*
*
*
*
# c(15)(A 0
*
*
*
*
*
*
*
*
*
*
*
*
*
*
*
*
*
*
*
*
*
*
*
*
*
*
*
*
*
*
*
*
*
*
*
*
*
*
*
*
*
*
*
*
*
*
*
*
*
*
*
*
*
*
*
*
*
*
*
*
*
*
*
*
*
*
*
*
*
*
*
*
*
*
*
*
*
*
*
*
*
*
*
*
*
*
*
*
*
*
*
*
*
*
*
*
*
*
*
*
*
*
*
*
*
*
*
*
*
*
*
*
*
*
*
*
*
*
*
*
*
*
*
*
*
*
# 20 0
*
*
*
*
*
*
*
*
*
*
*
*
*
*
*
*
*
*
*
& RFA 7 1: R-FA, RFC, RCA, RFI, RA, UFA, FA
*
*
*
*
*
*
*
*
*
*
*
*
*
*
*
*
*
*
*
*
*
*
*
& RFA 7 0: R-FA, RFC, RCA, RFI, RA, UFA, FA
*
*
*
*
*
*
*
*
*
*
*
*
*
*
*
*
*
*
*
*
*
*
*
*
*
*
*
*
*
*
*
*
*
*
*
*
*
*
*
*
*
*
*
*
*
*
*
*
*
*
*
*
*
*
*
*
*
*
*
*
*
*
*
*
*
*
*
*
*
# 140 0
*
*
*
*
*
# 125 0
*
*
*
*
*
*
*
*
*
*
*
*
*
*
*
*
# 3,750 0
*
*
*
*
*
# 3,700 0
*
*
*
*
*
*
*
*
*
*
*
*
*
# 35 0
& by-product 1 0: byproduct
*
*
*
*
*
*
*
*
*
*
*
*
*
*
*
*
& by-product 1 0: byproduct
*
*
*
*
*
*
*
*
*
# (13 0
& CFR 8 0: CF-R, C-FR, CR, CUR, FR, CF, CPR, CAR
# 121.601) 0
*
*
*
*
*
*
*
*
# $3,500,000, 0
*
*
*
*
*
*
*
*
*
*
*
*
*
*
# $500,000. 0
*
*
*
*
*
*
*
*
# California-Arizona 0
*
*
*
*
*
*
*
*
*
*
*
*
*
*
*
*
*
*
*
*
*
# California-Arizona 0
*
*
*
*
*
*
*
*
*
*
*
*
*
*
*
*
*
*
*
# 38 0
*
*
*
& By-Product 1 0: Byproduct
*
*
*
*
*
# 3 0
*
*
*
*
*
*
*
*
*
*
*
*
*
*
*
*
*
*
*
*
*
*
*
*
*
*
*
*
*
*
*
*
& 8, 1 0: B
# 1993, 0
*
*
*
*
*
*
# (58 0
*
# 53112, 0
*
# 14, 0
# 1993), 0
*
*
*
*
*
*
# 14, 0
# 1993. 0
*
*
*
# sect;&sect 0
# 907.141, 0
# 908.131, 0
*
# 908.141 0
*
*
*
*
*
*
*
*
*
*
*
*
*
*
*
*
*
*
*
*
# 15, 0
# 1993. 0
*
*
*
*
*
# 907.67 0
*
# 908.67 0
*
*
*
*
*
*
*
*
*
*
*
*
*
*
*
*
*
*
*
*
*
*
*
*
*
*
*
*
*
*
# 907.131 0
*
# 908.131 0
*
*
*
*
*
*
*
*
*
*
*
*
*
*
*
*
& by-product 1 0: byproduct
*
*
*
*
*
*
*
*
*
*
*
*
*
& by-product 1 0: byproduct
*
*
*
*
*
*
*
*
*
*
*
*
*
& by-product 1 0: byproduct
*
*
*
*
*
*
*
*
*
*
*
*
*
*
*
& by-products 1 0: byproducts
*
*
*
*
*
& by-products 1 0: byproducts
*
*
*
*
*
*
*
*
*
*
*
*
# 14 0
*
*
*
*
*
*
*
*
*
& By-Product 1 0: Byproduct
*
*
*
*
*
*
*
*
*
*
*
*
*
*
*
*
*
*
*
*
*
*
*
*
*
*
*
*
*
*
& by-product 1 0: byproduct
*
*
*
*
*
*
*
*
*
*
*
*
*
*
& 15 1 0: IS
*
*
*
*
*
*
*
*
*
*
*
*
& by-product 1 0: byproduct
*
*
*
*
*
*
# 38 0
*
*
*
& By-Product 1 0: Byproduct
*
*
*
*
*
*
*
*
*
*
*
*
*
*
*
*
*
# 38 0
*
*
*
*
*
*
*
*
*
*
*
# 38 0
*
*
*
*
*
*
*
*
*
# 1990 0
*
*
*
*
*
*
*
*
*
*
*
*
*
*
*
*
*
& by-products 1 0: byproducts
*
*
*
*
*
*
*
*
*
*
*
*
*
*
*
*
*
*
*
*
*
*
*
*
*
*
*
& by-products 1 0: byproducts
*
*
*
*
*
*
*
*
*
*
*
*
*
*
*
*
& by-products 1 0: byproducts
*
*
*
*
*
*
*
*
*
*
*
# 38 0
*
*
*
*
*
*
*
*
*
*
*
*
*
*
*
*
*
# 38 0
*
*
*
*
*
*
*
*
*
*
*
*
*
*
*
*
*
*
*
# 38 0
*
*
*
*
*
& by-product 1 0: byproduct
*
*
*
*
*
*
*
*
*
*
*
*
*
*
*
*
*
*
*
*
*
# 38. 0
*
*
*
*
*
*
*
*
*
*
*
# 908.131 0
*
*
*
*
*
*
*
*
*
*
*
*
*
*
# 3 0
*
*
*
*
*
*
*
*
*
# 907.71 0
*
# 908.71 0
*
*
*
*
*
*
*
*
*
*
*
*
*
*
*
*
*
*
*
*
*
*
# 24 0
*
*
*
*
*
*
*
*
*
*
*
*
*
*
*
*
# U.S 0
*
*
*
*
*
# 907.141 0
*
# 908.141 0
*
*
*
*
*
*
*
*
*
*
*
*
# 3, 0
*
*
*
*
*
*
*
*
# 24 0
*
*
*
*
*
*
*
*
*
*
*
*
*
*
*
*
*
*
*
*
*
*
*
*
*
# 3. 0
*
*
*
*
*
*
*
*
*
*
*
*
& 8 1 0: B
*
*
*
*
*
*
*
*
*
*
*
*
*
*
*
*
*
*
*
*
*
*
*
*
*
*
*
*
*
*
*
*
*
*
*
*
*
*
*
*
*
*
*
*
# 3. 0
*
*
*
*
*
*
*
*
*
*
*
*
*
*
*
*
*
*
*
*
