Program will open file with 3gms phrase and possible candidates and reduce
the amount of them based on levenstein distance and frequency
Total Lines to Process: 684079
Starting new 3gms phrase: %%% Federal hegister Vol.
Reduced from 16 candidates to 1 candidates.
Candidates for 'hegister': ['Register']
Starting new 3gms phrase: %%% Tuesday1 anuary 41
No Reduction achieved for this 3gms
Starting new 3gms phrase: %%% 1994 hules and
Reduced from 252 candidates to 2 candidates.
Candidates for 'hules': ['Rules', 'rules']
Starting new 3gms phrase: %%% and hegulations Vol.
No Reduction achieved for this 3gms
Starting new 3gms phrase: %%% Tuesday1 anuary 41
No Reduction achieved for this 3gms
Starting new 3gms phrase: %%% 1994 LEpAhTMENT OF
No Reduction achieved for this 3gms
Starting new 3gms phrase: %%% OF AOhlCULTUhE Agricultural
No Reduction achieved for this 3gms
Starting new 3gms phrase: %%% Agricultural Maryeting Service
Reduced from 80 candidates to 1 candidates.
Candidates for 'Maryeting': ['Marketing']
Starting new 3gms phrase: %%% 1 CFh parts
No Reduction achieved for this 3gms
Starting new 3gms phrase: %%% 9OW SFV93-901-lFlh Navel
No Reduction achieved for this 3gms
Starting new 3gms phrase: %%% Oranges Orown in
Reduced from 4 candidates to 1 candidates.
Candidates for 'Orown': ['grown']
Starting new 3gms phrase: %%% in Arikona and
No Reduction achieved for this 3gms
Starting new 3gms phrase: %%% and Lesignated parts
Reduced from 2369 candidates to 1 candidates.
Candidates for 'Lesignated': ['designated']
Starting new 3gms phrase: %%% in heporting hequirements
No Reduction achieved for this 3gms
Starting new 3gms phrase: %%% heporting hequirements AOENCy:
No Reduction achieved for this 3gms
Starting new 3gms phrase: %%% hequirements AOENCy Agricultural
No Reduction achieved for this 3gms
Starting new 3gms phrase: %%% Agricultural Maryeting Service1
No Reduction achieved for this 3gms
Starting new 3gms phrase: %%% Service1 USLA ACTlON:
No Reduction achieved for this 3gms
Starting new 3gms phrase: %%% USLA. ACTlON Final
No Reduction achieved for this 3gms
Starting new 3gms phrase: %%% rule. SUMMAhy The
No Reduction achieved for this 3gms
Starting new 3gms phrase: %%% The Lepartment of
Reduced from 65236 candidates to 2 candidates.
Candidates for 'Lepartment': ['Department', 'department']
Starting new 3gms phrase: %%% Agriculture Lepartment is
Reduced from 101 candidates to 2 candidates.
Candidates for 'Lepartment': ['Department', 'department']
Starting new 3gms phrase: %%% is adoptlng as
Reduced from 13535 candidates to 1 candidates.
Candidates for 'adoptlng': ['adopting']
Starting new 3gms phrase: %%% a fflnal rule1
No Reduction achieved for this 3gms
Starting new 3gms phrase: %%% interim fflnal rule
No Reduction achieved for this 3gms
Starting new 3gms phrase: %%% the California-Arikona navel
No Reduction achieved for this 3gms
Starting new 3gms phrase: %%% orange maryeting orders.
No Reduction achieved for this 3gms
Starting new 3gms phrase: %%% The maryeting orders
Reduced from 252 candidates to 1 candidates.
Candidates for 'maryeting': ['marketing']
Starting new 3gms phrase: %%% in Arikona and
No Reduction achieved for this 3gms
Starting new 3gms phrase: %%% rule modiffles language
No Reduction achieved for this 3gms
Starting new 3gms phrase: %%% 3W Weeyly heport
No Reduction achieved for this 3gms
Starting new 3gms phrase: %%% (Weeyly heport of
No Reduction achieved for this 3gms
Starting new 3gms phrase: %%% of by-product Oranges)
No Reduction achieved for this 3gms
Starting new 3gms phrase: %%% 3 Lally Manifest
No Reduction achieved for this 3gms
Starting new 3gms phrase: %%% Manifest heport of
No Reduction achieved for this 3gms
Starting new 3gms phrase: %%% Oranges Subdect to
No Reduction achieved for this 3gms
Starting new 3gms phrase: %%% be utiliked for
Reduced from 15100 candidates to 2 candidates.
Candidates for 'utiliked': ['utilised', 'utilized']
Starting new 3gms phrase: %%% the maryeting orders.
Reduced from 742 candidates to 1 candidates.
Candidates for 'maryeting': ['marketing']
Starting new 3gms phrase: %%% orders. EFFECTlVE LATE:
No Reduction achieved for this 3gms
Starting new 3gms phrase: %%% 31 1994. FOh
No Reduction achieved for this 3gms
Starting new 3gms phrase: %%% 1994. FOh FUhTNEh
No Reduction achieved for this 3gms
Starting new 3gms phrase: %%% FOh FUhTNEh lNFOhMATlON
No Reduction achieved for this 3gms
Starting new 3gms phrase: %%% FUhTNEh lNFOhMATlON CONTACT:
No Reduction achieved for this 3gms
Starting new 3gms phrase: %%% Thorpe1 Maryeting Specialist1
No Reduction achieved for this 3gms
Starting new 3gms phrase: %%% Specialist1 Maryeting Order
No Reduction achieved for this 3gms
Starting new 3gms phrase: %%% branch1 FAV AMS1
No Reduction achieved for this 3gms
Starting new 3gms phrase: %%% AMS1 USLA room
No Reduction achieved for this 3gms
Starting new 3gms phrase: %%% 2322-S1 p.O box
No Reduction achieved for this 3gms
Starting new 3gms phrase: %%% Washington1 LC 20090-0430:
No Reduction achieved for this 3gms
Starting new 3gms phrase: %%% LC 20090-0430: telephone:
No Reduction achieved for this 3gms
Starting new 3gms phrase: %%% telephone: (202) 120-3121;
No Reduction achieved for this 3gms
Starting new 3gms phrase: %%% (202) 120-3121; or
No Reduction achieved for this 3gms
Starting new 3gms phrase: %%% Maureen pello California
No Reduction achieved for this 3gms
Starting new 3gms phrase: %%% California Maryeting Field
Reduced from 19 candidates to 1 candidates.
Candidates for 'Maryeting': ['Marketing']
Starting new 3gms phrase: %%% Field OMce Maryeting
No Reduction achieved for this 3gms
Starting new 3gms phrase: %%% OMce1 Maryeting Order
No Reduction achieved for this 3gms
Starting new 3gms phrase: %%% branch1 FAV AMS1
No Reduction achieved for this 3gms
Starting new 3gms phrase: %%% AMS1 USLA 2202
No Reduction achieved for this 3gms
Starting new 3gms phrase: %%% California1 93121; telephone:
No Reduction achieved for this 3gms
Starting new 3gms phrase: %%% telephone: (209) 4Wl-3901.
No Reduction achieved for this 3gms
Starting new 3gms phrase: %%% (209) Wl SUppLEMENTAhy
No Reduction achieved for this 3gms
Starting new 3gms phrase: %%% 4Wl-3901. SUppLEMENTAhy lNFOhMATlON:
No Reduction achieved for this 3gms
Starting new 3gms phrase: %%% SUppLEMENTAhy lNFOhMATlON This
No Reduction achieved for this 3gms
Starting new 3gms phrase: %%% This fflnal rule
No Reduction achieved for this 3gms
Starting new 3gms phrase: %%% under Maryeting Order
Reduced from 87 candidates to 1 candidates.
Candidates for 'Maryeting': ['Marketing']
Starting new 3gms phrase: %%% Order Nos 901
No Reduction achieved for this 3gms
Starting new 3gms phrase: %%% 9OW (1 CFh
No Reduction achieved for this 3gms
Starting new 3gms phrase: %%% (1 CFh parts
No Reduction achieved for this 3gms
Starting new 3gms phrase: %%% in Arikona and
No Reduction achieved for this 3gms
Starting new 3gms phrase: %%% Agricultural Maryeting Agreement
Reduced from 6 candidates to 1 candidates.
Candidates for 'Maryeting': ['Marketing']
Starting new 3gms phrase: %%% amended (1 U.S.C.
No Reduction achieved for this 3gms
Starting new 3gms phrase: %%% (1 U.S.C 001-014)1
No Reduction achieved for this 3gms
Starting new 3gms phrase: %%% U.S.C. 001-014)1 hereinafter
No Reduction achieved for this 3gms
Starting new 3gms phrase: %%% The Lepartment is
Reduced from 65964 candidates to 2 candidates.
Candidates for 'Lepartment': ['Department', 'department']
Starting new 3gms phrase: %%% Civil ustice heform.
No Reduction achieved for this 3gms
Starting new 3gms phrase: %%% 'ustice heform This
No Reduction achieved for this 3gms
Starting new 3gms phrase: %%% irreconcilable confflict with
Reduced from 10 candidates to 1 candidates.
Candidates for 'confflict': ['conflict']
Starting new 3gms phrase: %%% may fflle suit
No Reduction achieved for this 3gms
Starting new 3gms phrase: %%% section Wc(13)(A of
No Reduction achieved for this 3gms
Starting new 3gms phrase: %%% handler subdect to
Reduced from 183 candidates to 1 candidates.
Candidates for 'subdect': ['subject']
Starting new 3gms phrase: %%% may fflle with
No Reduction achieved for this 3gms
Starting new 3gms phrase: %%% a modifflcation of
No Reduction achieved for this 3gms
Starting new 3gms phrase: %%% the opportunlty for
Reduced from 53162 candidates to 2 candidates.
Candidates for 'opportunlty': ['opportunity', 'opportunty']
Starting new 3gms phrase: %%% has durisdiction in
Reduced from 20412 candidates to 2 candidates.
Candidates for 'durisdiction': ['Jurisdiction', 'jurisdiction']
Starting new 3gms phrase: %%% in equlty to
No Reduction achieved for this 3gms
Starting new 3gms phrase: %%% the. Secretary:s ruling
No Reduction achieved for this 3gms
Starting new 3gms phrase: %%% in equlty is
No Reduction achieved for this 3gms
Starting new 3gms phrase: %%% is fflled not
Reduced from 5113 candidates to 1 candidates.
Candidates for 'fflled': ['filled']
Starting new 3gms phrase: %%% the hegulatory Flexibility
No Reduction achieved for this 3gms
Starting new 3gms phrase: %%% Act hFA the
No Reduction achieved for this 3gms
Starting new 3gms phrase: %%% Agricultural Maryeting Service
Reduced from 80 candidates to 1 candidates.
Candidates for 'Maryeting': ['Marketing']
Starting new 3gms phrase: %%% the hFA is
Reduced from 42734 candidates to 2 candidates.
Candidates for 'hFA': ['nFA', 'oFA']
Starting new 3gms phrase: %%% to fflt regulatory
No Reduction achieved for this 3gms
Starting new 3gms phrase: %%% business subdect to
Reduced from 3693 candidates to 1 candidates.
Candidates for 'subdect': ['subject']
Starting new 3gms phrase: %%% burdened. Maryeting orders
No Reduction achieved for this 3gms
Starting new 3gms phrase: %%% are subdect to
Reduced from 24309 candidates to 5 candidates.
Candidates for 'subdect': ['subJect', 'subect', 'subiect', 'subject', 'sublect']
Starting new 3gms phrase: %%% respective maryeting order
No Reduction achieved for this 3gms
Starting new 3gms phrase: %%% 33 by-product manufacturers
No Reduction achieved for this 3gms
Starting new 3gms phrase: %%% service fflrms which
No Reduction achieved for this 3gms
Starting new 3gms phrase: %%% and by-product manufacturers1
No Reduction achieved for this 3gms
Starting new 3gms phrase: %%% been defflned by
No Reduction achieved for this 3gms
Starting new 3gms phrase: %%% Administration (13 CFh
No Reduction achieved for this 3gms
Starting new 3gms phrase: %%% (13 CFh 121.001)
No Reduction achieved for this 3gms
Starting new 3gms phrase: %%% CFh 121.001) as
No Reduction achieved for this 3gms
Starting new 3gms phrase: %%% are defflned as
No Reduction achieved for this 3gms
Starting new 3gms phrase: %%% The madority of
Reduced from 65236 candidates to 3 candidates.
Candidates for 'madority': ['magority', 'majority', 'mayority']
Starting new 3gms phrase: %%% of California-Arikona navel
No Reduction achieved for this 3gms
Starting new 3gms phrase: %%% be classiffled as
No Reduction achieved for this 3gms
Starting new 3gms phrase: %%% action fflnalikes changes
No Reduction achieved for this 3gms
Starting new 3gms phrase: %%% the California-Arikona orange
No Reduction achieved for this 3gms
Starting new 3gms phrase: %%% orange maryeting orders.
No Reduction achieved for this 3gms
Starting new 3gms phrase: %%% rule modiffles language
No Reduction achieved for this 3gms
Starting new 3gms phrase: %%% 3W Weeyly heport
No Reduction achieved for this 3gms
Starting new 3gms phrase: %%% (Weeyly heport of
No Reduction achieved for this 3gms
Starting new 3gms phrase: %%% of by-product Oranges)
No Reduction achieved for this 3gms
Starting new 3gms phrase: %%% 3 Laily Manifest
No Reduction achieved for this 3gms
Starting new 3gms phrase: %%% Manifest heport of
No Reduction achieved for this 3gms
Starting new 3gms phrase: %%% Oranges Subdect to
No Reduction achieved for this 3gms
Starting new 3gms phrase: %%% be utiliked for
Reduced from 15100 candidates to 2 candidates.
Candidates for 'utiliked': ['utilised', 'utilized']
Starting new 3gms phrase: %%% interim fflnal rule
No Reduction achieved for this 3gms
Starting new 3gms phrase: %%% Federal hegister (3W
No Reduction achieved for this 3gms
Starting new 3gms phrase: %%% (3W Fh 331121
No Reduction achieved for this 3gms
Starting new 3gms phrase: %%% 141 1993)1 with
No Reduction achieved for this 3gms
Starting new 3gms phrase: %%% 141 1993. That
No Reduction achieved for this 3gms
Starting new 3gms phrase: %%% amended yy 901.1411
No Reduction achieved for this 3gms
Starting new 3gms phrase: %%% yy901.1311 901.1411 90W.1311
No Reduction achieved for this 3gms
Starting new 3gms phrase: %%% a O-day comment
No Reduction achieved for this 3gms
Starting new 3gms phrase: %%% 131 1993. No
No Reduction achieved for this 3gms
Starting new 3gms phrase: %%% Sections 901.01 and
No Reduction achieved for this 3gms
Starting new 3gms phrase: %%% orange maryeting orders
No Reduction achieved for this 3gms
Starting new 3gms phrase: %%% including duice Sections
No Reduction achieved for this 3gms
Starting new 3gms phrase: %%% Sections 901.131 and
No Reduction achieved for this 3gms
Starting new 3gms phrase: %%% such by-product oranges.
No Reduction achieved for this 3gms
Starting new 3gms phrase: %%% oranges. lncluded in
No Reduction achieved for this 3gms
Starting new 3gms phrase: %%% and by-product manufacturers
No Reduction achieved for this 3gms
Starting new 3gms phrase: %%% for by-product oranges
No Reduction achieved for this 3gms
Starting new 3gms phrase: %%% approved by-products manufacturer
No Reduction achieved for this 3gms
Starting new 3gms phrase: %%% into by-products exempt
No Reduction achieved for this 3gms
Starting new 3gms phrase: %%% Orange by-product Manufacturers).
No Reduction achieved for this 3gms
Starting new 3gms phrase: %%% of by-product manufacturers.
No Reduction achieved for this 3gms
Starting new 3gms phrase: %%% (Orange Liversion heport)
No Reduction achieved for this 3gms
Starting new 3gms phrase: %%% Liversion heport which
No Reduction achieved for this 3gms
Starting new 3gms phrase: %%% approved by-product manufacturers
No Reduction achieved for this 3gms
Starting new 3gms phrase: %%% 3W Weeyly heport
No Reduction achieved for this 3gms
Starting new 3gms phrase: %%% (Weeyly heport of
No Reduction achieved for this 3gms
Starting new 3gms phrase: %%% of by-product Oranges)
No Reduction achieved for this 3gms
Starting new 3gms phrase: %%% the maryeting orders.
Reduced from 742 candidates to 1 candidates.
Candidates for 'maryeting': ['marketing']
Starting new 3gms phrase: %%% the by-products exemption
No Reduction achieved for this 3gms
Starting new 3gms phrase: %%% fruit maryet lt
No Reduction achieved for this 3gms
Starting new 3gms phrase: %%% of by-products manufactured
No Reduction achieved for this 3gms
Starting new 3gms phrase: %%% into by-products Nowever1
No Reduction achieved for this 3gms
Starting new 3gms phrase: %%% by-products. Nowever the
No Reduction achieved for this 3gms
Starting new 3gms phrase: %%% on by-product manufacturers
No Reduction achieved for this 3gms
Starting new 3gms phrase: %%% The Lepartment has
Reduced from 24648 candidates to 2 candidates.
Candidates for 'Lepartment': ['Department', 'department']
Starting new 3gms phrase: %%% minor modifflcations to
No Reduction achieved for this 3gms
Starting new 3gms phrase: %%% 3 Lally Manifest
No Reduction achieved for this 3gms
Starting new 3gms phrase: %%% Manifest heport of
No Reduction achieved for this 3gms
Starting new 3gms phrase: %%% Oranges Subdect to
No Reduction achieved for this 3gms
Starting new 3gms phrase: %%% Sections 901.11 and
No Reduction achieved for this 3gms
Starting new 3gms phrase: %%% orange maryeting orders
No Reduction achieved for this 3gms
Starting new 3gms phrase: %%% by sike within
Reduced from 1359 candidates to 3 candidates.
Candidates for 'sike': ['side', 'site', 'size']
Starting new 3gms phrase: %%% shipment. Nandlers must
No Reduction achieved for this 3gms
Starting new 3gms phrase: %%% the U.S and
No Reduction achieved for this 3gms
Starting new 3gms phrase: %%% and Alasya or
No Reduction achieved for this 3gms
Starting new 3gms phrase: %%% Sections 901.141 and
No Reduction achieved for this 3gms
Starting new 3gms phrase: %%% interim fflnal rule1
No Reduction achieved for this 3gms
Starting new 3gms phrase: %%% both trucy and
Reduced from 49235 candidates to 2 candidates.
Candidates for 'trucy': ['truck', 'truly']
Starting new 3gms phrase: %%% Form 3. Nowever1
No Reduction achieved for this 3gms
Starting new 3gms phrase: %%% 3. Nowever identical
No Reduction achieved for this 3gms
Starting new 3gms phrase: %%% regarding trucy shipments
No Reduction achieved for this 3gms
Starting new 3gms phrase: %%% W Certifflcate of
No Reduction achieved for this 3gms
Starting new 3gms phrase: %%% Form 3. Nandlers
No Reduction achieved for this 3gms
Starting new 3gms phrase: %%% 3. Nandlers are
Finishing Process
Reduced from 682700 candidates to 49 candidates.
That's a 7.1773839168e-05 % reduction.
Candidate Counts: [0, 0, 0, 0, 0, 0, 0, 0, 0, 0, 0, 0, 0, 0, 0, 0, 0, 0, 0, 0, 0, 0, 0, 0, 0, 0, 0, 0, 0, 0, 0, 0, 0, 0, 0, 0, 0, 0, 0, 0, 0, 0, 0, 0, 0, 0, 0, 0, 0, 0, 0, 0, 0, 0, 0, 0, 0, 0, 0, 0, 0, 0, 0, 0, 0, 0, 0, 0, 0, 0, 0, 0, 0, 0, 0, 0, 0, 0, 0, 0, 0, 0, 0, 0, 0, 0, 0, 0, 0, 0, 0, 0, 0, 0, 0, 0, 0, 0, 0, 0, 0, 0, 0, 0, 0, 0, 0, 0, 0, 0, 0, 0, 0, 0, 0, 0, 0, 0, 0, 0, 0, 0, 0, 0, 0, 0, 0, 0, 0, 0, 0, 0, 0, 0, 0, 0, 0, 0, 0, 0, 0, 0, 0, 1, 1, 1, 1, 1, 1, 1, 1, 1, 1, 1, 1, 1, 1, 1, 1, 2, 2, 2, 2, 2, 2, 2, 2, 2, 2, 2, 3, 3, 5]
Candidates found for 30 of 173 3gms.
The largest number of candidates for a singe 3gms is: 5
The second largest is: 3
Total Time Taken by Program: 2.807331 seconds.
End
